<?xml version="1.0" encoding="UTF-8"?>
<testng-results ignored="0" total="1" passed="1" failed="0" skipped="0">
  <reporter-output>
  </reporter-output>
  <suite started-at="2023-11-29T16:06:49 IST" name="Default suite" finished-at="2023-11-29T16:06:49 IST" duration-ms="54">
    <groups>
    </groups>
    <test started-at="2023-11-29T16:06:49 IST" name="Default test" finished-at="2023-11-29T16:06:49 IST" duration-ms="54">
      <class name="Demo.Sample3Test">
        <test-method signature="s3Test()[pri:0, instance:Demo.Sample3Test@35aea049]" started-at="2023-11-29T16:06:49 IST" name="s3Test" finished-at="2023-11-29T16:06:49 IST" duration-ms="10" status="PASS">
          <reporter-output>
          </reporter-output>
        </test-method> <!-- s3Test -->
      </class> <!-- Demo.Sample3Test -->
    </test> <!-- Default test -->
  </suite> <!-- Default suite -->
</testng-results>
